# JRE version: Java(TM) SE Runtime Environment (8.0_241-b07) (build 1.8.0_241-b07)
# Java VM: Java HotSpot(TM) 64-Bit Server VM (25.241-b07 mixed mode windows-amd64 compressed oops)
Heap:
 PSYoungGen      total 191488K, used 168568K [0x00000000d6200000, 0x00000000e6d00000, 0x0000000100000000)
  eden space 180736K, 87% used [0x00000000d6200000,0x00000000dfca8090,0x00000000e1280000)
  from space 10752K, 94% used [0x00000000e1280000,0x00000000e1c76158,0x00000000e1d00000)
  to   space 11776K, 18% used [0x00000000e6180000,0x00000000e63ac010,0x00000000e6d00000)
 ParOldGen       total 67072K, used 16918K [0x0000000082600000, 0x0000000086780000, 0x00000000d6200000)
  object space 67072K, 25% used [0x0000000082600000,0x00000000836899c8,0x0000000086780000)
 Metaspace       used 48895K, capacity 50878K, committed 50984K, reserved 1097728K
  class space    used 6729K, capacity 7131K, committed 7216K, reserved 1048576K
GC Heap History (10 events):
Event: 6.457 GC heap after
Heap after GC invocations=9 (full 1):
 PSYoungGen      total 126464K, used 6028K [0x00000000d6200000, 0x00000000dee00000, 0x0000000100000000)
  eden space 120320K, 0% used [0x00000000d6200000,0x00000000d6200000,0x00000000dd780000)
  from space 6144K, 98% used [0x00000000de800000,0x00000000dede3378,0x00000000dee00000)
  to   space 8192K, 0% used [0x00000000dde00000,0x00000000dde00000,0x00000000de600000)
 ParOldGen       total 45056K, used 5377K [0x0000000082600000, 0x0000000085200000, 0x00000000d6200000)
  object space 45056K, 11% used [0x0000000082600000,0x0000000082b40470,0x0000000085200000)
 Metaspace       used 25721K, capacity 26502K, committed 26672K, reserved 1073152K
  class space    used 3629K, capacity 3823K, committed 3888K, reserved 1048576K
}
Event: 7.367 GC heap before
{Heap before GC invocations=10 (full 1):
 PSYoungGen      total 126464K, used 126348K [0x00000000d6200000, 0x00000000dee00000, 0x0000000100000000)
  eden space 120320K, 100% used [0x00000000d6200000,0x00000000dd780000,0x00000000dd780000)
  from space 6144K, 98% used [0x00000000de800000,0x00000000dede3378,0x00000000dee00000)
  to   space 8192K, 0% used [0x00000000dde00000,0x00000000dde00000,0x00000000de600000)
 ParOldGen       total 45056K, used 5377K [0x0000000082600000, 0x0000000085200000, 0x00000000d6200000)
  object space 45056K, 11% used [0x0000000082600000,0x0000000082b40470,0x0000000085200000)
 Metaspace       used 30153K, capacity 31132K, committed 31280K, reserved 1077248K
  class space    used 4182K, capacity 4388K, committed 4400K, reserved 1048576K
Event: 7.379 GC heap after
Heap after GC invocations=10 (full 1):
 PSYoungGen      total 135168K, used 8167K [0x00000000d6200000, 0x00000000e2700000, 0x0000000100000000)
  eden space 126976K, 0% used [0x00000000d6200000,0x00000000d6200000,0x00000000dde00000)
  from space 8192K, 99% used [0x00000000dde00000,0x00000000de5f9f78,0x00000000de600000)
  to   space 10240K, 0% used [0x00000000e1d00000,0x00000000e1d00000,0x00000000e2700000)
 ParOldGen       total 45056K, used 8282K [0x0000000082600000, 0x0000000085200000, 0x00000000d6200000)
  object space 45056K, 18% used [0x0000000082600000,0x0000000082e16958,0x0000000085200000)
 Metaspace       used 30153K, capacity 31132K, committed 31280K, reserved 1077248K
  class space    used 4182K, capacity 4388K, committed 4400K, reserved 1048576K
}
Event: 8.149 GC heap before
{Heap before GC invocations=11 (full 1):
 PSYoungGen      total 135168K, used 106051K [0x00000000d6200000, 0x00000000e2700000, 0x0000000100000000)
  eden space 126976K, 77% used [0x00000000d6200000,0x00000000dc196fc8,0x00000000dde00000)
  from space 8192K, 99% used [0x00000000dde00000,0x00000000de5f9f78,0x00000000de600000)
  to   space 10240K, 0% used [0x00000000e1d00000,0x00000000e1d00000,0x00000000e2700000)
 ParOldGen       total 45056K, used 8282K [0x0000000082600000, 0x0000000085200000, 0x00000000d6200000)
  object space 45056K, 18% used [0x0000000082600000,0x0000000082e16958,0x0000000085200000)
 Metaspace       used 34162K, capacity 35396K, committed 35496K, reserved 1079296K
  class space    used 4715K, capacity 4982K, committed 5040K, reserved 1048576K
Event: 8.155 GC heap after
Heap after GC invocations=11 (full 1):
 PSYoungGen      total 190976K, used 8482K [0x00000000d6200000, 0x00000000e2f80000, 0x0000000100000000)
  eden space 180736K, 0% used [0x00000000d6200000,0x00000000d6200000,0x00000000e1280000)
  from space 10240K, 82% used [0x00000000e1d00000,0x00000000e2548940,0x00000000e2700000)
  to   space 10752K, 0% used [0x00000000e1280000,0x00000000e1280000,0x00000000e1d00000)
 ParOldGen       total 45056K, used 9618K [0x0000000082600000, 0x0000000085200000, 0x00000000d6200000)
  object space 45056K, 21% used [0x0000000082600000,0x0000000082f64998,0x0000000085200000)
 Metaspace       used 34162K, capacity 35396K, committed 35496K, reserved 1079296K
  class space    used 4715K, capacity 4982K, committed 5040K, reserved 1048576K
}
Event: 8.155 GC heap before
{Heap before GC invocations=12 (full 2):
 PSYoungGen      total 190976K, used 8482K [0x00000000d6200000, 0x00000000e2f80000, 0x0000000100000000)
  eden space 180736K, 0% used [0x00000000d6200000,0x00000000d6200000,0x00000000e1280000)
  from space 10240K, 82% used [0x00000000e1d00000,0x00000000e2548940,0x00000000e2700000)
  to   space 10752K, 0% used [0x00000000e1280000,0x00000000e1280000,0x00000000e1d00000)
 ParOldGen       total 45056K, used 9618K [0x0000000082600000, 0x0000000085200000, 0x00000000d6200000)
  object space 45056K, 21% used [0x0000000082600000,0x0000000082f64998,0x0000000085200000)
 Metaspace       used 34162K, capacity 35396K, committed 35496K, reserved 1079296K
  class space    used 4715K, capacity 4982K, committed 5040K, reserved 1048576K
Event: 8.191 GC heap after
Heap after GC invocations=12 (full 2):
 PSYoungGen      total 190976K, used 0K [0x00000000d6200000, 0x00000000e2f80000, 0x0000000100000000)
  eden space 180736K, 0% used [0x00000000d6200000,0x00000000d6200000,0x00000000e1280000)
  from space 10240K, 0% used [0x00000000e1d00000,0x00000000e1d00000,0x00000000e2700000)
  to   space 10752K, 0% used [0x00000000e1280000,0x00000000e1280000,0x00000000e1d00000)
 ParOldGen       total 67072K, used 14442K [0x0000000082600000, 0x0000000086780000, 0x00000000d6200000)
  object space 67072K, 21% used [0x0000000082600000,0x000000008341a950,0x0000000086780000)
 Metaspace       used 34162K, capacity 35396K, committed 35496K, reserved 1079296K
  class space    used 4715K, capacity 4982K, committed 5040K, reserved 1048576K
}
Event: 10.285 GC heap before
{Heap before GC invocations=13 (full 2):
 PSYoungGen      total 190976K, used 180736K [0x00000000d6200000, 0x00000000e2f80000, 0x0000000100000000)
  eden space 180736K, 100% used [0x00000000d6200000,0x00000000e1280000,0x00000000e1280000)
  from space 10240K, 0% used [0x00000000e1d00000,0x00000000e1d00000,0x00000000e2700000)
  to   space 10752K, 0% used [0x00000000e1280000,0x00000000e1280000,0x00000000e1d00000)
 ParOldGen       total 67072K, used 14442K [0x0000000082600000, 0x0000000086780000, 0x00000000d6200000)
  object space 67072K, 21% used [0x0000000082600000,0x000000008341a950,0x0000000086780000)
 Metaspace       used 44117K, capacity 45784K, committed 45992K, reserved 1089536K
  class space    used 6121K, capacity 6470K, committed 6576K, reserved 1048576K
Event: 10.297 GC heap after
Heap after GC invocations=13 (full 2):
 PSYoungGen      total 191488K, used 10200K [0x00000000d6200000, 0x00000000e6d00000, 0x0000000100000000)
  eden space 180736K, 0% used [0x00000000d6200000,0x00000000d6200000,0x00000000e1280000)
  from space 10752K, 94% used [0x00000000e1280000,0x00000000e1c76158,0x00000000e1d00000)
  to   space 11776K, 0% used [0x00000000e6180000,0x00000000e6180000,0x00000000e6d00000)
 ParOldGen       total 67072K, used 14514K [0x0000000082600000, 0x0000000086780000, 0x00000000d6200000)
  object space 67072K, 21% used [0x0000000082600000,0x000000008342c960,0x0000000086780000)
 Metaspace       used 44117K, capacity 45784K, committed 45992K, reserved 1089536K
  class space    used 6121K, capacity 6470K, committed 6576K, reserved 1048576K
}
Event: 11.687 GC heap before
{Heap before GC invocations=14 (full 2):
 PSYoungGen      total 191488K, used 168568K [0x00000000d6200000, 0x00000000e6d00000, 0x0000000100000000)
  eden space 180736K, 87% used [0x00000000d6200000,0x00000000dfca8090,0x00000000e1280000)
  from space 10752K, 94% used [0x00000000e1280000,0x00000000e1c76158,0x00000000e1d00000)
  to   space 11776K, 0% used [0x00000000e6180000,0x00000000e6180000,0x00000000e6d00000)
 ParOldGen       total 67072K, used 14514K [0x0000000082600000, 0x0000000086780000, 0x00000000d6200000)
  object space 67072K, 21% used [0x0000000082600000,0x000000008342c960,0x0000000086780000)
 Metaspace       used 48895K, capacity 50878K, committed 50984K, reserved 1097728K
  class space    used 6729K, capacity 7131K, committed 7216K, reserved 1048576K

